<?xml version="1.0" encoding="UTF-8"?>
<testng-results ignored="0" total="1" passed="1" failed="0" skipped="0">
  <reporter-output>
  </reporter-output>
  <suite started-at="2020-05-09T17:24:20 IST" name="Default suite" finished-at="2020-05-09T17:24:20 IST" duration-ms="712">
    <groups>
    </groups>
    <test started-at="2020-05-09T17:24:20 IST" name="Default test" finished-at="2020-05-09T17:24:20 IST" duration-ms="712">
      <class name="Packages.Excel">
        <test-method signature="read_write()[pri:0, instance:Packages.Excel@6a370f4]" started-at="2020-05-09T17:24:20 IST" name="read_write" finished-at="2020-05-09T17:24:20 IST" duration-ms="657" status="PASS">
          <reporter-output>
          </reporter-output>
        </test-method> <!-- read_write -->
      </class> <!-- Packages.Excel -->
    </test> <!-- Default test -->
  </suite> <!-- Default suite -->
</testng-results>
