<?xml version="1.0" encoding="UTF-8"?>
<testng-results ignored="0" total="1" passed="1" failed="0" skipped="0">
  <reporter-output>
  </reporter-output>
  <suite started-at="2020-05-08T09:33:50 IST" name="Default suite" finished-at="2020-05-08T09:34:01 IST" duration-ms="11061">
    <groups>
    </groups>
    <test started-at="2020-05-08T09:33:50 IST" name="Default test" finished-at="2020-05-08T09:34:01 IST" duration-ms="11061">
      <class name="Packages.Betway_catchdata">
        <test-method signature="sample()[pri:0, instance:Packages.Betway_catchdata@1eb5174b]" started-at="2020-05-08T09:33:50 IST" name="sample" finished-at="2020-05-08T09:34:01 IST" duration-ms="11032" status="PASS">
          <reporter-output>
          </reporter-output>
        </test-method> <!-- sample -->
      </class> <!-- Packages.Betway_catchdata -->
    </test> <!-- Default test -->
  </suite> <!-- Default suite -->
</testng-results>
